<?xml version="1.0" encoding="UTF-8"?>
<testng-results ignored="0" total="1" passed="1" failed="0" skipped="0">
  <reporter-output>
  </reporter-output>
  <suite started-at="2023-08-03T06:22:39 IST" name="Default suite" finished-at="2023-08-03T06:23:39 IST" duration-ms="60207">
    <groups>
    </groups>
    <test started-at="2023-08-03T06:22:39 IST" name="Default test" finished-at="2023-08-03T06:23:39 IST" duration-ms="60207">
      <class name="Testscripts.Testcase">
        <test-method is-config="true" signature="openApp()[pri:0, instance:Testscripts.Testcase@2fd1433e]" started-at="2023-08-03T06:22:39 IST" name="openApp" finished-at="2023-08-03T06:22:49 IST" duration-ms="9568" status="PASS">
          <reporter-output>
          </reporter-output>
        </test-method> <!-- openApp -->
        <test-method signature="tc01()[pri:0, instance:Testscripts.Testcase@2fd1433e]" started-at="2023-08-03T06:22:49 IST" name="tc01" finished-at="2023-08-03T06:23:39 IST" duration-ms="50172" status="PASS">
          <reporter-output>
          </reporter-output>
        </test-method> <!-- tc01 -->
        <test-method is-config="true" signature="CloseApp(org.testng.ITestResult)[pri:0, instance:Testscripts.Testcase@2fd1433e]" started-at="2023-08-03T06:23:39 IST" name="CloseApp" finished-at="2023-08-03T06:23:39 IST" duration-ms="408" status="PASS">
          <params>
            <param index="0">
              <value>
                <![CDATA[[TestResult name=tc01 status=SUCCESS method=Testcase.tc01()[pri:0, instance:Testscripts.Testcase@2fd1433e] output={null}]]]>
              </value>
            </param>
          </params>
          <reporter-output>
          </reporter-output>
        </test-method> <!-- CloseApp -->
      </class> <!-- Testscripts.Testcase -->
    </test> <!-- Default test -->
  </suite> <!-- Default suite -->
</testng-results>
